e:\poroject\机房预约系统\机房预约系统\x64\debug\vc143.pdb
e:\poroject\机房预约系统\机房预约系统\x64\debug\vc143.idb
e:\poroject\机房预约系统\机房预约系统\x64\debug\manager.nativecodeanalysis.sarif
e:\poroject\机房预约系统\机房预约系统\x64\debug\manager.nativecodeanalysis.xml
e:\poroject\机房预约系统\机房预约系统\x64\debug\orderfile.nativecodeanalysis.sarif
e:\poroject\机房预约系统\机房预约系统\x64\debug\orderfile.nativecodeanalysis.xml
e:\poroject\机房预约系统\机房预约系统\x64\debug\student.nativecodeanalysis.sarif
e:\poroject\机房预约系统\机房预约系统\x64\debug\student.nativecodeanalysis.xml
e:\poroject\机房预约系统\机房预约系统\x64\debug\teacher.nativecodeanalysis.sarif
e:\poroject\机房预约系统\机房预约系统\x64\debug\teacher.nativecodeanalysis.xml
e:\poroject\机房预约系统\机房预约系统\x64\debug\机房预约系统.nativecodeanalysis.sarif
e:\poroject\机房预约系统\机房预约系统\x64\debug\机房预约系统.nativecodeanalysis.xml
e:\poroject\机房预约系统\机房预约系统\x64\debug\机房预约系统.obj
e:\poroject\机房预约系统\机房预约系统\x64\debug\teacher.obj
e:\poroject\机房预约系统\机房预约系统\x64\debug\student.obj
e:\poroject\机房预约系统\机房预约系统\x64\debug\orderfile.obj
e:\poroject\机房预约系统\机房预约系统\x64\debug\manager.obj
e:\poroject\机房预约系统\x64\debug\机房预约系统.exe
e:\poroject\机房预约系统\x64\debug\机房预约系统.pdb
e:\poroject\机房预约系统\机房预约系统\x64\debug\机房预约系统.ilk
e:\poroject\机房预约系统\机房预约系统\x64\debug\vc.nativecodeanalysis.all.xml
e:\poroject\机房预约系统\机房预约系统\x64\debug\机房预约系统.tlog\cl.command.1.tlog
e:\poroject\机房预约系统\机房预约系统\x64\debug\机房预约系统.tlog\cl.items.tlog
e:\poroject\机房预约系统\机房预约系统\x64\debug\机房预约系统.tlog\cl.read.1.tlog
e:\poroject\机房预约系统\机房预约系统\x64\debug\机房预约系统.tlog\cl.write.1.tlog
e:\poroject\机房预约系统\机房预约系统\x64\debug\机房预约系统.tlog\link.command.1.tlog
e:\poroject\机房预约系统\机房预约系统\x64\debug\机房预约系统.tlog\link.read.1.tlog
e:\poroject\机房预约系统\机房预约系统\x64\debug\机房预约系统.tlog\link.secondary.1.tlog
e:\poroject\机房预约系统\机房预约系统\x64\debug\机房预约系统.tlog\link.write.1.tlog
